2020-07-23 07:16:05.144  INFO 4887 --- [main] com.online.travel.MyOtaApplication       : Starting MyOtaApplication on pop-os with PID 4887 (/home/suraj/workspace/my_ota/target/classes started by suraj in /home/suraj/workspace/my_ota)
2020-07-23 07:16:05.148  INFO 4887 --- [main] com.online.travel.MyOtaApplication       : No active profile set, falling back to default profiles: default
2020-07-23 07:16:07.762  INFO 4887 --- [main] o.s.b.w.embedded.tomcat.TomcatWebServer  : Tomcat initialized with port(s): 8090 (http)
2020-07-23 07:16:07.776  INFO 4887 --- [main] o.apache.catalina.core.StandardService   : Starting service [Tomcat]
2020-07-23 07:16:07.778  INFO 4887 --- [main] org.apache.catalina.core.StandardEngine  : Starting Servlet engine: [Apache Tomcat/9.0.36]
2020-07-23 07:16:07.918  INFO 4887 --- [main] o.a.c.c.C.[Tomcat].[localhost].[/]       : Initializing Spring embedded WebApplicationContext
2020-07-23 07:16:07.918  INFO 4887 --- [main] w.s.c.ServletWebServerApplicationContext : Root WebApplicationContext: initialization completed in 2681 ms
2020-07-23 07:16:08.931  INFO 4887 --- [main] g.k.s.w.b.GraphQLWebAutoConfiguration    : Building GraphQLObjectMapper including errorHandler: null
2020-07-23 07:16:09.667  INFO 4887 --- [main] o.s.b.a.e.web.EndpointLinksResolver      : Exposing 2 endpoint(s) beneath base path '/actuator'
2020-07-23 07:16:09.766  INFO 4887 --- [main] o.s.s.concurrent.ThreadPoolTaskExecutor  : Initializing ExecutorService 'applicationTaskExecutor'
2020-07-23 07:16:10.049  INFO 4887 --- [main] o.s.b.w.embedded.tomcat.TomcatWebServer  : Tomcat started on port(s): 8090 (http) with context path ''
2020-07-23 07:16:10.371  INFO 4887 --- [main] com.online.travel.MyOtaApplication       : Started MyOtaApplication in 6.03 seconds (JVM running for 6.695)
2020-07-23 07:17:15.877  INFO 4887 --- [http-nio-8090-exec-2] o.a.c.c.C.[Tomcat].[localhost].[/]       : Initializing Spring DispatcherServlet 'dispatcherServlet'
2020-07-23 07:17:15.879  INFO 4887 --- [http-nio-8090-exec-2] o.s.web.servlet.DispatcherServlet        : Initializing Servlet 'dispatcherServlet'
2020-07-23 07:17:15.889  INFO 4887 --- [http-nio-8090-exec-2] o.s.web.servlet.DispatcherServlet        : Completed initialization in 9 ms
2020-07-23 07:17:15.943  INFO 4887 --- [http-nio-8090-exec-2] c.o.travel.air.controller.AirController  : Inside the flight search
2020-07-23 07:17:15.954  INFO 4887 --- [http-nio-8090-exec-2] c.o.travel.air.service.AirServiceImpl    : Going to hit iata
2020-07-23 07:17:15.973  INFO 4887 --- [http-nio-8090-exec-2] c.o.t.connector.air.AirShopConnector     : logging request
2020-07-23 07:17:17.510  INFO 4887 --- [http-nio-8090-exec-2] c.o.t.connector.air.AirShopConnector     : <?xml version="1.0" encoding="UTF-8" standalone="yes"?>
<ns2:IATA_AirShoppingRQ xmlns:ns2="http://www.iata.org/IATA/2015/00/2019.2/IATA_AirShoppingRQ" xmlns:ns3="http://www.iata.org/IATA/2015/00/2019.2/IATA_AirShoppingRS">
    <ns2:MessageDoc>
        <ns2:RefVersionNumber>1.0</ns2:RefVersionNumber>
    </ns2:MessageDoc>
    <ns2:Party>
        <ns2:Recipient>
            <ns2:Aggregator>
                <ns2:AggregatorID>88888888</ns2:AggregatorID>
                <ns2:Name>JR TECHNOLOGIES</ns2:Name>
            </ns2:Aggregator>
        </ns2:Recipient>
        <ns2:Sender>
            <ns2:TravelAgency>
                <ns2:AgencyID>9A</ns2:AgencyID>
                <ns2:IATA_Number>12312312</ns2:IATA_Number>
                <ns2:Name>Gods Travel</ns2:Name>
            </ns2:TravelAgency>
        </ns2:Sender>
    </ns2:Party>
    <ns2:PayloadAttributes>
        <ns2:EchoTokenText>6bca263e-d1e8-4e2d-a648-40a400003526</ns2:EchoTokenText>
        <ns2:Timestamp>2020-07-23T07:17:15.967485+05:30</ns2:Timestamp>
        <ns2:TrxID>transaction497</ns2:TrxID>
        <ns2:VersionNumber>2019.2</ns2:VersionNumber>
    </ns2:PayloadAttributes>
    <ns2:POS>
        <ns2:City>
            <ns2:IATA_LocationCode>ATH</ns2:IATA_LocationCode>
        </ns2:City>
        <ns2:Country>
            <ns2:CountryCode>GR</ns2:CountryCode>
        </ns2:Country>
        <ns2:RequestTime>2020-07-23T07:17:15.969051+05:30</ns2:RequestTime>
    </ns2:POS>
    <ns2:Request>
        <ns2:FlightCriteria>
            <ns2:OriginDestCriteria>
                <ns2:DestArrivalCriteria>
                    <ns2:IATA_LocationCode>BCN</ns2:IATA_LocationCode>
                </ns2:DestArrivalCriteria>
                <ns2:OriginDepCriteria>
                    <ns2:Date>2020-08-25</ns2:Date>
                    <ns2:IATA_LocationCode>LHR</ns2:IATA_LocationCode>
                </ns2:OriginDepCriteria>
                <ns2:PreferredCabinType>
                    <ns2:CabinTypeCode>Y</ns2:CabinTypeCode>
                </ns2:PreferredCabinType>
            </ns2:OriginDestCriteria>
            <ns2:OriginDestCriteria>
                <ns2:DestArrivalCriteria>
                    <ns2:IATA_LocationCode>LHR</ns2:IATA_LocationCode>
                </ns2:DestArrivalCriteria>
                <ns2:OriginDepCriteria>
                    <ns2:Date>2020-08-23</ns2:Date>
                    <ns2:IATA_LocationCode>BCN</ns2:IATA_LocationCode>
                </ns2:OriginDepCriteria>
            </ns2:OriginDestCriteria>
        </ns2:FlightCriteria>
        <ns2:Paxs>
            <ns2:Pax>
                <ns2:PaxID>Pax1</ns2:PaxID>
                <ns2:PTC>ADT</ns2:PTC>
            </ns2:Pax>
            <ns2:Pax>
                <ns2:PaxID>Pax2</ns2:PaxID>
                <ns2:PTC>CHD</ns2:PTC>
            </ns2:Pax>
            <ns2:Pax>
                <ns2:PaxID>Pax3</ns2:PaxID>
                <ns2:PTC>CHD</ns2:PTC>
            </ns2:Pax>
        </ns2:Paxs>
        <ns2:ShoppingCriteria/>
    </ns2:Request>
</ns2:IATA_AirShoppingRQ>

2020-07-23 07:17:31.064  INFO 4887 --- [SpringContextShutdownHook] o.s.s.concurrent.ThreadPoolTaskExecutor  : Shutting down ExecutorService 'applicationTaskExecutor'
2020-07-23 07:27:55.701  INFO 6267 --- [main] com.online.travel.MyOtaApplication       : Starting MyOtaApplication on pop-os with PID 6267 (/home/suraj/workspace/my_ota/target/classes started by suraj in /home/suraj/workspace/my_ota)
2020-07-23 07:27:55.707  INFO 6267 --- [main] com.online.travel.MyOtaApplication       : No active profile set, falling back to default profiles: default
2020-07-23 07:28:01.473  INFO 6267 --- [main] o.s.b.w.embedded.tomcat.TomcatWebServer  : Tomcat initialized with port(s): 8090 (http)
2020-07-23 07:28:01.500  INFO 6267 --- [main] o.apache.catalina.core.StandardService   : Starting service [Tomcat]
2020-07-23 07:28:01.502  INFO 6267 --- [main] org.apache.catalina.core.StandardEngine  : Starting Servlet engine: [Apache Tomcat/9.0.36]
2020-07-23 07:28:01.755  INFO 6267 --- [main] o.a.c.c.C.[Tomcat].[localhost].[/]       : Initializing Spring embedded WebApplicationContext
2020-07-23 07:28:01.756  INFO 6267 --- [main] w.s.c.ServletWebServerApplicationContext : Root WebApplicationContext: initialization completed in 5874 ms
2020-07-23 07:28:04.887  INFO 6267 --- [main] g.k.s.w.b.GraphQLWebAutoConfiguration    : Building GraphQLObjectMapper including errorHandler: null
2020-07-23 07:28:08.776  INFO 6267 --- [main] o.s.b.a.e.web.EndpointLinksResolver      : Exposing 2 endpoint(s) beneath base path '/actuator'
2020-07-23 07:28:08.897  INFO 6267 --- [main] o.s.s.concurrent.ThreadPoolTaskExecutor  : Initializing ExecutorService 'applicationTaskExecutor'
2020-07-23 07:28:09.219  INFO 6267 --- [main] o.s.b.w.embedded.tomcat.TomcatWebServer  : Tomcat started on port(s): 8090 (http) with context path ''
2020-07-23 07:28:09.523  INFO 6267 --- [main] com.online.travel.MyOtaApplication       : Started MyOtaApplication in 15.263 seconds (JVM running for 16.336)
2020-07-23 07:28:42.898  INFO 6267 --- [http-nio-8090-exec-2] o.a.c.c.C.[Tomcat].[localhost].[/]       : Initializing Spring DispatcherServlet 'dispatcherServlet'
2020-07-23 07:28:42.899  INFO 6267 --- [http-nio-8090-exec-2] o.s.web.servlet.DispatcherServlet        : Initializing Servlet 'dispatcherServlet'
2020-07-23 07:28:42.911  INFO 6267 --- [http-nio-8090-exec-2] o.s.web.servlet.DispatcherServlet        : Completed initialization in 11 ms
2020-07-23 07:28:42.957  INFO 6267 --- [http-nio-8090-exec-2] c.o.travel.air.controller.AirController  : Inside the flight search
2020-07-23 07:28:42.965  INFO 6267 --- [http-nio-8090-exec-2] c.o.travel.air.service.AirServiceImpl    : Going to hit iata
2020-07-23 07:28:42.983  INFO 6267 --- [http-nio-8090-exec-2] c.o.t.connector.air.AirShopConnector     : logging request
2020-07-23 07:28:44.749  INFO 6267 --- [http-nio-8090-exec-2] c.o.t.connector.air.AirShopConnector     : <?xml version="1.0" encoding="UTF-8" standalone="yes"?>
<ns2:IATA_AirShoppingRQ xmlns:ns2="http://www.iata.org/IATA/2015/00/2019.2/IATA_AirShoppingRQ" xmlns:ns3="http://www.iata.org/IATA/2015/00/2019.2/IATA_AirShoppingRS">
    <ns2:MessageDoc>
        <ns2:RefVersionNumber>1.0</ns2:RefVersionNumber>
    </ns2:MessageDoc>
    <ns2:Party>
        <ns2:Recipient>
            <ns2:Aggregator>
                <ns2:AggregatorID>88888888</ns2:AggregatorID>
                <ns2:Name>JR TECHNOLOGIES</ns2:Name>
            </ns2:Aggregator>
        </ns2:Recipient>
        <ns2:Sender>
            <ns2:TravelAgency>
                <ns2:AgencyID>9A</ns2:AgencyID>
                <ns2:IATA_Number>12312312</ns2:IATA_Number>
                <ns2:Name>Gods Travel</ns2:Name>
            </ns2:TravelAgency>
        </ns2:Sender>
    </ns2:Party>
    <ns2:PayloadAttributes>
        <ns2:EchoTokenText>6bca263e-d1e8-4e2d-a648-40a400003526</ns2:EchoTokenText>
        <ns2:Timestamp>2020-07-23T07:28:42.976103+05:30</ns2:Timestamp>
        <ns2:TrxID>transaction497</ns2:TrxID>
        <ns2:VersionNumber>2019.2</ns2:VersionNumber>
    </ns2:PayloadAttributes>
    <ns2:POS>
        <ns2:City>
            <ns2:IATA_LocationCode>ATH</ns2:IATA_LocationCode>
        </ns2:City>
        <ns2:Country>
            <ns2:CountryCode>GR</ns2:CountryCode>
        </ns2:Country>
        <ns2:RequestTime>2020-07-23T07:28:42.977998+05:30</ns2:RequestTime>
    </ns2:POS>
    <ns2:Request>
        <ns2:FlightCriteria>
            <ns2:OriginDestCriteria>
                <ns2:DestArrivalCriteria>
                    <ns2:IATA_LocationCode>BCN</ns2:IATA_LocationCode>
                </ns2:DestArrivalCriteria>
                <ns2:OriginDepCriteria>
                    <ns2:Date>2020-08-25</ns2:Date>
                    <ns2:IATA_LocationCode>LHR</ns2:IATA_LocationCode>
                </ns2:OriginDepCriteria>
                <ns2:PreferredCabinType>
                    <ns2:CabinTypeCode>Y</ns2:CabinTypeCode>
                </ns2:PreferredCabinType>
            </ns2:OriginDestCriteria>
            <ns2:OriginDestCriteria>
                <ns2:DestArrivalCriteria>
                    <ns2:IATA_LocationCode>LHR</ns2:IATA_LocationCode>
                </ns2:DestArrivalCriteria>
                <ns2:OriginDepCriteria>
                    <ns2:Date>2020-08-23</ns2:Date>
                    <ns2:IATA_LocationCode>BCN</ns2:IATA_LocationCode>
                </ns2:OriginDepCriteria>
            </ns2:OriginDestCriteria>
        </ns2:FlightCriteria>
        <ns2:Paxs>
            <ns2:Pax>
                <ns2:PaxID>Pax1</ns2:PaxID>
                <ns2:PTC>ADT</ns2:PTC>
            </ns2:Pax>
            <ns2:Pax>
                <ns2:PaxID>Pax2</ns2:PaxID>
                <ns2:PTC>CHD</ns2:PTC>
            </ns2:Pax>
            <ns2:Pax>
                <ns2:PaxID>Pax3</ns2:PaxID>
                <ns2:PTC>CHD</ns2:PTC>
            </ns2:Pax>
        </ns2:Paxs>
        <ns2:ShoppingCriteria/>
    </ns2:Request>
</ns2:IATA_AirShoppingRQ>

2020-07-23 07:29:41.331  INFO 6267 --- [SpringContextShutdownHook] o.s.s.concurrent.ThreadPoolTaskExecutor  : Shutting down ExecutorService 'applicationTaskExecutor'
2020-07-23 07:32:44.514  INFO 6726 --- [main] com.online.travel.MyOtaApplication       : Starting MyOtaApplication on pop-os with PID 6726 (/home/suraj/workspace/my_ota/target/classes started by suraj in /home/suraj/workspace/my_ota)
2020-07-23 07:32:44.518  INFO 6726 --- [main] com.online.travel.MyOtaApplication       : No active profile set, falling back to default profiles: default
2020-07-23 07:32:46.848  INFO 6726 --- [main] o.s.b.w.embedded.tomcat.TomcatWebServer  : Tomcat initialized with port(s): 8090 (http)
2020-07-23 07:32:46.862  INFO 6726 --- [main] o.apache.catalina.core.StandardService   : Starting service [Tomcat]
2020-07-23 07:32:46.862  INFO 6726 --- [main] org.apache.catalina.core.StandardEngine  : Starting Servlet engine: [Apache Tomcat/9.0.36]
2020-07-23 07:32:46.959  INFO 6726 --- [main] o.a.c.c.C.[Tomcat].[localhost].[/]       : Initializing Spring embedded WebApplicationContext
2020-07-23 07:32:46.960  INFO 6726 --- [main] w.s.c.ServletWebServerApplicationContext : Root WebApplicationContext: initialization completed in 2358 ms
2020-07-23 07:32:47.873  INFO 6726 --- [main] g.k.s.w.b.GraphQLWebAutoConfiguration    : Building GraphQLObjectMapper including errorHandler: null
2020-07-23 07:32:48.553  INFO 6726 --- [main] o.s.b.a.e.web.EndpointLinksResolver      : Exposing 2 endpoint(s) beneath base path '/actuator'
2020-07-23 07:32:48.651  INFO 6726 --- [main] o.s.s.concurrent.ThreadPoolTaskExecutor  : Initializing ExecutorService 'applicationTaskExecutor'
2020-07-23 07:32:48.925  INFO 6726 --- [main] o.s.b.w.embedded.tomcat.TomcatWebServer  : Tomcat started on port(s): 8090 (http) with context path ''
2020-07-23 07:32:49.218  INFO 6726 --- [main] com.online.travel.MyOtaApplication       : Started MyOtaApplication in 5.371 seconds (JVM running for 5.884)
2020-07-23 07:33:30.440  INFO 6726 --- [http-nio-8090-exec-2] o.a.c.c.C.[Tomcat].[localhost].[/]       : Initializing Spring DispatcherServlet 'dispatcherServlet'
2020-07-23 07:33:30.443  INFO 6726 --- [http-nio-8090-exec-2] o.s.web.servlet.DispatcherServlet        : Initializing Servlet 'dispatcherServlet'
2020-07-23 07:33:30.455  INFO 6726 --- [http-nio-8090-exec-2] o.s.web.servlet.DispatcherServlet        : Completed initialization in 10 ms
2020-07-23 07:33:30.504  INFO 6726 --- [http-nio-8090-exec-2] c.o.travel.air.controller.AirController  : Inside the flight search
2020-07-23 07:33:30.514  INFO 6726 --- [http-nio-8090-exec-2] c.o.travel.air.service.AirServiceImpl    : Going to hit iata
2020-07-23 07:33:30.537  INFO 6726 --- [http-nio-8090-exec-2] c.o.t.connector.air.AirShopConnector     : shop url from config : air.shop.url
2020-07-23 07:33:30.538  INFO 6726 --- [http-nio-8090-exec-2] c.o.t.connector.air.AirShopConnector     : logging request
2020-07-23 07:33:32.072  INFO 6726 --- [http-nio-8090-exec-2] c.o.t.connector.air.AirShopConnector     : <?xml version="1.0" encoding="UTF-8" standalone="yes"?>
<ns2:IATA_AirShoppingRQ xmlns:ns2="http://www.iata.org/IATA/2015/00/2019.2/IATA_AirShoppingRQ" xmlns:ns3="http://www.iata.org/IATA/2015/00/2019.2/IATA_AirShoppingRS">
    <ns2:MessageDoc>
        <ns2:RefVersionNumber>1.0</ns2:RefVersionNumber>
    </ns2:MessageDoc>
    <ns2:Party>
        <ns2:Recipient>
            <ns2:Aggregator>
                <ns2:AggregatorID>88888888</ns2:AggregatorID>
                <ns2:Name>JR TECHNOLOGIES</ns2:Name>
            </ns2:Aggregator>
        </ns2:Recipient>
        <ns2:Sender>
            <ns2:TravelAgency>
                <ns2:AgencyID>9A</ns2:AgencyID>
                <ns2:IATA_Number>12312312</ns2:IATA_Number>
                <ns2:Name>Gods Travel</ns2:Name>
            </ns2:TravelAgency>
        </ns2:Sender>
    </ns2:Party>
    <ns2:PayloadAttributes>
        <ns2:EchoTokenText>6bca263e-d1e8-4e2d-a648-40a400003526</ns2:EchoTokenText>
        <ns2:Timestamp>2020-07-23T07:33:30.530735+05:30</ns2:Timestamp>
        <ns2:TrxID>transaction497</ns2:TrxID>
        <ns2:VersionNumber>2019.2</ns2:VersionNumber>
    </ns2:PayloadAttributes>
    <ns2:POS>
        <ns2:City>
            <ns2:IATA_LocationCode>ATH</ns2:IATA_LocationCode>
        </ns2:City>
        <ns2:Country>
            <ns2:CountryCode>GR</ns2:CountryCode>
        </ns2:Country>
        <ns2:RequestTime>2020-07-23T07:33:30.533322+05:30</ns2:RequestTime>
    </ns2:POS>
    <ns2:Request>
        <ns2:FlightCriteria>
            <ns2:OriginDestCriteria>
                <ns2:DestArrivalCriteria>
                    <ns2:IATA_LocationCode>BCN</ns2:IATA_LocationCode>
                </ns2:DestArrivalCriteria>
                <ns2:OriginDepCriteria>
                    <ns2:Date>2020-08-25</ns2:Date>
                    <ns2:IATA_LocationCode>LHR</ns2:IATA_LocationCode>
                </ns2:OriginDepCriteria>
                <ns2:PreferredCabinType>
                    <ns2:CabinTypeCode>Y</ns2:CabinTypeCode>
                </ns2:PreferredCabinType>
            </ns2:OriginDestCriteria>
            <ns2:OriginDestCriteria>
                <ns2:DestArrivalCriteria>
                    <ns2:IATA_LocationCode>LHR</ns2:IATA_LocationCode>
                </ns2:DestArrivalCriteria>
                <ns2:OriginDepCriteria>
                    <ns2:Date>2020-08-23</ns2:Date>
                    <ns2:IATA_LocationCode>BCN</ns2:IATA_LocationCode>
                </ns2:OriginDepCriteria>
            </ns2:OriginDestCriteria>
        </ns2:FlightCriteria>
        <ns2:Paxs>
            <ns2:Pax>
                <ns2:PaxID>Pax1</ns2:PaxID>
                <ns2:PTC>ADT</ns2:PTC>
            </ns2:Pax>
            <ns2:Pax>
                <ns2:PaxID>Pax2</ns2:PaxID>
                <ns2:PTC>CHD</ns2:PTC>
            </ns2:Pax>
            <ns2:Pax>
                <ns2:PaxID>Pax3</ns2:PaxID>
                <ns2:PTC>CHD</ns2:PTC>
            </ns2:Pax>
        </ns2:Paxs>
        <ns2:ShoppingCriteria/>
    </ns2:Request>
</ns2:IATA_AirShoppingRQ>

2020-07-23 07:33:38.648  INFO 6726 --- [SpringContextShutdownHook] o.s.s.concurrent.ThreadPoolTaskExecutor  : Shutting down ExecutorService 'applicationTaskExecutor'
2020-07-23 07:35:09.010  INFO 7301 --- [main] com.online.travel.MyOtaApplication       : Starting MyOtaApplication on pop-os with PID 7301 (/home/suraj/workspace/my_ota/target/classes started by suraj in /home/suraj/workspace/my_ota)
2020-07-23 07:35:09.015  INFO 7301 --- [main] com.online.travel.MyOtaApplication       : No active profile set, falling back to default profiles: default
2020-07-23 07:35:11.456  INFO 7301 --- [main] o.s.b.w.embedded.tomcat.TomcatWebServer  : Tomcat initialized with port(s): 8090 (http)
2020-07-23 07:35:11.469  INFO 7301 --- [main] o.apache.catalina.core.StandardService   : Starting service [Tomcat]
2020-07-23 07:35:11.470  INFO 7301 --- [main] org.apache.catalina.core.StandardEngine  : Starting Servlet engine: [Apache Tomcat/9.0.36]
2020-07-23 07:35:11.573  INFO 7301 --- [main] o.a.c.c.C.[Tomcat].[localhost].[/]       : Initializing Spring embedded WebApplicationContext
2020-07-23 07:35:11.573  INFO 7301 --- [main] w.s.c.ServletWebServerApplicationContext : Root WebApplicationContext: initialization completed in 2488 ms
2020-07-23 07:35:12.534  INFO 7301 --- [main] g.k.s.w.b.GraphQLWebAutoConfiguration    : Building GraphQLObjectMapper including errorHandler: null
2020-07-23 07:35:13.710  INFO 7301 --- [main] o.s.b.a.e.web.EndpointLinksResolver      : Exposing 2 endpoint(s) beneath base path '/actuator'
2020-07-23 07:35:13.870  INFO 7301 --- [main] o.s.s.concurrent.ThreadPoolTaskExecutor  : Initializing ExecutorService 'applicationTaskExecutor'
2020-07-23 07:35:14.119  INFO 7301 --- [main] o.s.b.w.embedded.tomcat.TomcatWebServer  : Tomcat started on port(s): 8090 (http) with context path ''
2020-07-23 07:35:14.395  INFO 7301 --- [main] com.online.travel.MyOtaApplication       : Started MyOtaApplication in 6.029 seconds (JVM running for 6.563)
2020-07-23 07:35:52.646  INFO 7301 --- [http-nio-8090-exec-2] o.a.c.c.C.[Tomcat].[localhost].[/]       : Initializing Spring DispatcherServlet 'dispatcherServlet'
2020-07-23 07:35:52.654  INFO 7301 --- [http-nio-8090-exec-2] o.s.web.servlet.DispatcherServlet        : Initializing Servlet 'dispatcherServlet'
2020-07-23 07:35:52.685  INFO 7301 --- [http-nio-8090-exec-2] o.s.web.servlet.DispatcherServlet        : Completed initialization in 29 ms
2020-07-23 07:35:52.819  INFO 7301 --- [http-nio-8090-exec-2] c.o.travel.air.controller.AirController  : Inside the flight search
2020-07-23 07:35:52.830  INFO 7301 --- [http-nio-8090-exec-2] c.o.travel.air.service.AirServiceImpl    : Going to hit iata
2020-07-23 07:35:52.857  INFO 7301 --- [http-nio-8090-exec-2] c.o.t.connector.air.AirShopConnector     : shop url from config : http://iata.api.mashery.com/athena/ndc192api
2020-07-23 07:35:52.858  INFO 7301 --- [http-nio-8090-exec-2] c.o.t.connector.air.AirShopConnector     : logging request
2020-07-23 07:35:54.292  INFO 7301 --- [http-nio-8090-exec-2] c.o.t.connector.air.AirShopConnector     : <?xml version="1.0" encoding="UTF-8" standalone="yes"?>
<ns2:IATA_AirShoppingRQ xmlns:ns2="http://www.iata.org/IATA/2015/00/2019.2/IATA_AirShoppingRQ" xmlns:ns3="http://www.iata.org/IATA/2015/00/2019.2/IATA_AirShoppingRS">
    <ns2:MessageDoc>
        <ns2:RefVersionNumber>1.0</ns2:RefVersionNumber>
    </ns2:MessageDoc>
    <ns2:Party>
        <ns2:Recipient>
            <ns2:Aggregator>
                <ns2:AggregatorID>88888888</ns2:AggregatorID>
                <ns2:Name>JR TECHNOLOGIES</ns2:Name>
            </ns2:Aggregator>
        </ns2:Recipient>
        <ns2:Sender>
            <ns2:TravelAgency>
                <ns2:AgencyID>9A</ns2:AgencyID>
                <ns2:IATA_Number>12312312</ns2:IATA_Number>
                <ns2:Name>Gods Travel</ns2:Name>
            </ns2:TravelAgency>
        </ns2:Sender>
    </ns2:Party>
    <ns2:PayloadAttributes>
        <ns2:EchoTokenText>6bca263e-d1e8-4e2d-a648-40a400003526</ns2:EchoTokenText>
        <ns2:Timestamp>2020-07-23T07:35:52.849153+05:30</ns2:Timestamp>
        <ns2:TrxID>transaction497</ns2:TrxID>
        <ns2:VersionNumber>2019.2</ns2:VersionNumber>
    </ns2:PayloadAttributes>
    <ns2:POS>
        <ns2:City>
            <ns2:IATA_LocationCode>ATH</ns2:IATA_LocationCode>
        </ns2:City>
        <ns2:Country>
            <ns2:CountryCode>GR</ns2:CountryCode>
        </ns2:Country>
        <ns2:RequestTime>2020-07-23T07:35:52.850274+05:30</ns2:RequestTime>
    </ns2:POS>
    <ns2:Request>
        <ns2:FlightCriteria>
            <ns2:OriginDestCriteria>
                <ns2:DestArrivalCriteria>
                    <ns2:IATA_LocationCode>BCN</ns2:IATA_LocationCode>
                </ns2:DestArrivalCriteria>
                <ns2:OriginDepCriteria>
                    <ns2:Date>2020-08-25</ns2:Date>
                    <ns2:IATA_LocationCode>LHR</ns2:IATA_LocationCode>
                </ns2:OriginDepCriteria>
                <ns2:PreferredCabinType>
                    <ns2:CabinTypeCode>Y</ns2:CabinTypeCode>
                </ns2:PreferredCabinType>
            </ns2:OriginDestCriteria>
            <ns2:OriginDestCriteria>
                <ns2:DestArrivalCriteria>
                    <ns2:IATA_LocationCode>LHR</ns2:IATA_LocationCode>
                </ns2:DestArrivalCriteria>
                <ns2:OriginDepCriteria>
                    <ns2:Date>2020-08-23</ns2:Date>
                    <ns2:IATA_LocationCode>BCN</ns2:IATA_LocationCode>
                </ns2:OriginDepCriteria>
            </ns2:OriginDestCriteria>
        </ns2:FlightCriteria>
        <ns2:Paxs>
            <ns2:Pax>
                <ns2:PaxID>Pax1</ns2:PaxID>
                <ns2:PTC>ADT</ns2:PTC>
            </ns2:Pax>
            <ns2:Pax>
                <ns2:PaxID>Pax2</ns2:PaxID>
                <ns2:PTC>CHD</ns2:PTC>
            </ns2:Pax>
            <ns2:Pax>
                <ns2:PaxID>Pax3</ns2:PaxID>
                <ns2:PTC>CHD</ns2:PTC>
            </ns2:Pax>
        </ns2:Paxs>
        <ns2:ShoppingCriteria/>
    </ns2:Request>
</ns2:IATA_AirShoppingRQ>

2020-07-23 07:36:01.275  INFO 7301 --- [SpringContextShutdownHook] o.s.s.concurrent.ThreadPoolTaskExecutor  : Shutting down ExecutorService 'applicationTaskExecutor'
